This file contains any messages produced by compilers while
running configure, to aid debugging if configure makes a mistake.

It was created by configure, which was
generated by GNU Autoconf 2.63.  Invocation command line was

  $ ./configure EXTRASRCDIRS=/home/giwrgos/projects/locksmith/src EXTRAFEATURES=locksmith lockpick stmizer

## --------- ##
## Platform. ##
## --------- ##

hostname = giwrgos-VirtualBox
uname -m = x86_64
uname -r = 5.13.0-27-generic
uname -s = Linux
uname -v = #29~20.04.1-Ubuntu SMP Fri Jan 14 00:32:30 UTC 2022

/usr/bin/uname -p = x86_64
/bin/uname -X     = unknown

/bin/arch              = x86_64
/usr/bin/arch -k       = unknown
/usr/convex/getsysinfo = unknown
/usr/bin/hostinfo      = unknown
/bin/machine           = unknown
/usr/bin/oslevel       = unknown
/bin/universe          = unknown

PATH: /home/giwrgos/projects/locksmith/_opam/bin
PATH: /usr/local/sbin
PATH: /usr/local/bin
PATH: /usr/sbin
PATH: /usr/bin
PATH: /sbin
PATH: /bin
PATH: /usr/games
PATH: /usr/local/games
PATH: /snap/bin


## ----------- ##
## Core tests. ##
## ----------- ##

configure:1876: checking for gcc
configure:1892: found /usr/bin/gcc
configure:1903: result: gcc
configure:2135: checking for C compiler version
configure:2143: gcc --version >&5
gcc (Ubuntu 9.3.0-17ubuntu1~20.04) 9.3.0
Copyright (C) 2019 Free Software Foundation, Inc.
This is free software; see the source for copying conditions.  There is NO
warranty; not even for MERCHANTABILITY or FITNESS FOR A PARTICULAR PURPOSE.

configure:2147: $? = 0
configure:2154: gcc -v >&5
Using built-in specs.
COLLECT_GCC=gcc
COLLECT_LTO_WRAPPER=/usr/lib/gcc/x86_64-linux-gnu/9/lto-wrapper
OFFLOAD_TARGET_NAMES=nvptx-none:hsa
OFFLOAD_TARGET_DEFAULT=1
Target: x86_64-linux-gnu
Configured with: ../src/configure -v --with-pkgversion='Ubuntu 9.3.0-17ubuntu1~20.04' --with-bugurl=file:///usr/share/doc/gcc-9/README.Bugs --enable-languages=c,ada,c++,go,brig,d,fortran,objc,obj-c++,gm2 --prefix=/usr --with-gcc-major-version-only --program-suffix=-9 --program-prefix=x86_64-linux-gnu- --enable-shared --enable-linker-build-id --libexecdir=/usr/lib --without-included-gettext --enable-threads=posix --libdir=/usr/lib --enable-nls --enable-clocale=gnu --enable-libstdcxx-debug --enable-libstdcxx-time=yes --with-default-libstdcxx-abi=new --enable-gnu-unique-object --disable-vtable-verify --enable-plugin --enable-default-pie --with-system-zlib --with-target-system-zlib=auto --enable-objc-gc=auto --enable-multiarch --disable-werror --with-arch-32=i686 --with-abi=m64 --with-multilib-list=m32,m64,mx32 --enable-multilib --with-tune=generic --enable-offload-targets=nvptx-none=/build/gcc-9-HskZEa/gcc-9-9.3.0/debian/tmp-nvptx/usr,hsa --without-cuda-driver --enable-checking=release --build=x86_64-linux-gnu --host=x86_64-linux-gnu --target=x86_64-linux-gnu
Thread model: posix
gcc version 9.3.0 (Ubuntu 9.3.0-17ubuntu1~20.04) 
configure:2158: $? = 0
configure:2165: gcc -V >&5
gcc: error: unrecognized command line option '-V'
gcc: fatal error: no input files
compilation terminated.
configure:2169: $? = 1
configure:2192: checking for C compiler default output file name
configure:2214: gcc    conftest.c  >&5
configure:2218: $? = 0
configure:2256: result: a.out
configure:2275: checking whether the C compiler works
configure:2285: ./a.out
configure:2289: $? = 0
configure:2308: result: yes
configure:2315: checking whether we are cross compiling
configure:2317: result: no
configure:2320: checking for suffix of executables
configure:2327: gcc -o conftest    conftest.c  >&5
configure:2331: $? = 0
configure:2357: result: 
configure:2363: checking for suffix of object files
configure:2389: gcc -c   conftest.c >&5
configure:2393: $? = 0
configure:2418: result: o
configure:2422: checking whether we are using the GNU C compiler
configure:2451: gcc -c   conftest.c >&5
configure:2458: $? = 0
configure:2475: result: yes
configure:2484: checking whether gcc accepts -g
configure:2514: gcc -c -g  conftest.c >&5
configure:2521: $? = 0
configure:2622: result: yes
configure:2639: checking for gcc option to accept ISO C89
configure:2713: gcc  -c -g -O2  conftest.c >&5
configure:2720: $? = 0
configure:2743: result: none needed
configure:2807: checking for a BSD-compatible install
configure:2875: result: /usr/bin/install -c
configure:2896: checking build system type
configure:2914: result: x86_64-unknown-linux-gnu
configure:2936: checking host system type
configure:2951: result: x86_64-unknown-linux-gnu
configure:2973: checking target system type
configure:2988: result: x86_64-unknown-linux-gnu
configure:3051: checking for msvc cl.exe (optional)
configure:3066: result: not found
configure:3090: checking ocaml version is at least 3.08
configure:3107: result: version is 3.11.2, ok
configure:3137: checking existence of related ocaml tools
configure:3143: result: ok
configure:3181: checking for Perl
configure:3246: result: found version 5.030000, port linux
configure:3323: checking if performance counters are usable
configure:3341: result: no (cannot compile perfcount.c)
configure:3359: checking for gcc version
configure:3367: checking how to run the C preprocessor
configure:3407: gcc -E  conftest.c
configure:3414: $? = 0
configure:3445: gcc -E  conftest.c
conftest.c:8:10: fatal error: ac_nonexistent.h: No such file or directory
    8 | #include <ac_nonexistent.h>
      |          ^~~~~~~~~~~~~~~~~~
compilation terminated.
configure:3452: $? = 1
configure: failed program was:
| /* confdefs.h.  */
| #define PACKAGE_NAME ""
| #define PACKAGE_TARNAME ""
| #define PACKAGE_VERSION ""
| #define PACKAGE_STRING ""
| #define PACKAGE_BUGREPORT ""
| /* end confdefs.h.  */
| #include <ac_nonexistent.h>
configure:3485: result: gcc -E
configure:3514: gcc -E  conftest.c
configure:3521: $? = 0
configure:3552: gcc -E  conftest.c
conftest.c:8:10: fatal error: ac_nonexistent.h: No such file or directory
    8 | #include <ac_nonexistent.h>
      |          ^~~~~~~~~~~~~~~~~~
compilation terminated.
configure:3559: $? = 1
configure: failed program was:
| /* confdefs.h.  */
| #define PACKAGE_NAME ""
| #define PACKAGE_TARNAME ""
| #define PACKAGE_VERSION ""
| #define PACKAGE_STRING ""
| #define PACKAGE_BUGREPORT ""
| /* end confdefs.h.  */
| #include <ac_nonexistent.h>
configure:3599: checking for grep that handles long lines and -e
configure:3659: result: /usr/bin/grep
configure:3664: checking for egrep
configure:3728: result: /usr/bin/grep -E
configure:3733: checking for ANSI C header files
configure:3763: gcc -c -g -O2  conftest.c >&5
configure:3770: $? = 0
configure:3869: gcc -o conftest -g -O2   conftest.c  >&5
configure:3873: $? = 0
configure:3879: ./conftest
configure:3883: $? = 0
configure:3901: result: yes
configure:3925: checking for sys/types.h
configure:3946: gcc -c -g -O2  conftest.c >&5
configure:3953: $? = 0
configure:3970: result: yes
configure:3925: checking for sys/stat.h
configure:3946: gcc -c -g -O2  conftest.c >&5
configure:3953: $? = 0
configure:3970: result: yes
configure:3925: checking for stdlib.h
configure:3946: gcc -c -g -O2  conftest.c >&5
configure:3953: $? = 0
configure:3970: result: yes
configure:3925: checking for string.h
configure:3946: gcc -c -g -O2  conftest.c >&5
configure:3953: $? = 0
configure:3970: result: yes
configure:3925: checking for memory.h
configure:3946: gcc -c -g -O2  conftest.c >&5
configure:3953: $? = 0
configure:3970: result: yes
configure:3925: checking for strings.h
configure:3946: gcc -c -g -O2  conftest.c >&5
configure:3953: $? = 0
configure:3970: result: yes
configure:3925: checking for inttypes.h
configure:3946: gcc -c -g -O2  conftest.c >&5
configure:3953: $? = 0
configure:3970: result: yes
configure:3925: checking for stdint.h
configure:3946: gcc -c -g -O2  conftest.c >&5
configure:3953: $? = 0
configure:3970: result: yes
configure:3925: checking for unistd.h
configure:3946: gcc -c -g -O2  conftest.c >&5
configure:3953: $? = 0
configure:3970: result: yes
configure:3984: checking for __builtin_va_list
configure:4012: gcc -c -g -O2  conftest.c >&5
configure:4019: $? = 0
configure:4046: gcc -c -g -O2  conftest.c >&5
conftest.c: In function 'main':
conftest.c:54:32: error: expected expression before ')' token
   54 | if (sizeof ((__builtin_va_list)))
      |                                ^
configure:4053: $? = 1
configure: failed program was:
| /* confdefs.h.  */
| #define PACKAGE_NAME ""
| #define PACKAGE_TARNAME ""
| #define PACKAGE_VERSION ""
| #define PACKAGE_STRING ""
| #define PACKAGE_BUGREPORT ""
| #define STDC_HEADERS 1
| #define HAVE_SYS_TYPES_H 1
| #define HAVE_SYS_STAT_H 1
| #define HAVE_STDLIB_H 1
| #define HAVE_STRING_H 1
| #define HAVE_MEMORY_H 1
| #define HAVE_STRINGS_H 1
| #define HAVE_INTTYPES_H 1
| #define HAVE_STDINT_H 1
| #define HAVE_UNISTD_H 1
| /* end confdefs.h.  */
| #include <stdio.h>
| #ifdef HAVE_SYS_TYPES_H
| # include <sys/types.h>
| #endif
| #ifdef HAVE_SYS_STAT_H
| # include <sys/stat.h>
| #endif
| #ifdef STDC_HEADERS
| # include <stdlib.h>
| # include <stddef.h>
| #else
| # ifdef HAVE_STDLIB_H
| #  include <stdlib.h>
| # endif
| #endif
| #ifdef HAVE_STRING_H
| # if !defined STDC_HEADERS && defined HAVE_MEMORY_H
| #  include <memory.h>
| # endif
| # include <string.h>
| #endif
| #ifdef HAVE_STRINGS_H
| # include <strings.h>
| #endif
| #ifdef HAVE_INTTYPES_H
| # include <inttypes.h>
| #endif
| #ifdef HAVE_STDINT_H
| # include <stdint.h>
| #endif
| #ifdef HAVE_UNISTD_H
| # include <unistd.h>
| #endif
| int
| main ()
| {
| if (sizeof ((__builtin_va_list)))
| 	  return 0;
|   ;
|   return 0;
| }
configure:4076: result: yes
configure:4084: checking if __thread is a keyword
configure:4095: gcc -c -g -O2  conftest.c >&5
conftest.c:1:1: error: storage class specified for unnamed parameter
    1 | int main(int __thread) { return 0; }
      | ^~~
conftest.c: In function 'main':
conftest.c:1:10: error: parameter name omitted
    1 | int main(int __thread) { return 0; }
      |          ^~~~~~~~~~~~
configure:4102: $? = 1
configure: failed program was:
| int main(int __thread) { return 0; }
configure:4116: result: true
configure:4121: checking if gcc adds underscores to assembly labels.
configure:4132: gcc -o conftest -g -O2   conftest.c  >&5
/usr/bin/ld: /tmp/ccgCCOBG.o: in function `main':
/home/giwrgos/projects/locksmith/cil/conftest.c:1: undefined reference to `_main'
collect2: error: ld returned 1 exit status
configure:4139: $? = 1
configure: failed program was:
| int main() { __asm__("jmp _main"); }
configure:4158: result: false
configure:4166: checking for ANSI C header files
configure:4334: result: yes
configure:4354: checking for stdlib.h
configure:4361: result: yes
configure:4354: checking for strings.h
configure:4361: result: yes
configure:4365: checking sys/time.h usability
configure:4382: gcc -c -g -O2  conftest.c >&5
configure:4389: $? = 0
configure:4403: result: yes
configure:4407: checking sys/time.h presence
configure:4422: gcc -E  conftest.c
configure:4429: $? = 0
configure:4443: result: yes
configure:4471: checking for sys/time.h
configure:4480: result: yes
configure:4354: checking for unistd.h
configure:4361: result: yes
configure:4365: checking wchar.h usability
configure:4382: gcc -c -g -O2  conftest.c >&5
configure:4389: $? = 0
configure:4403: result: yes
configure:4407: checking wchar.h presence
configure:4422: gcc -E  conftest.c
configure:4429: $? = 0
configure:4443: result: yes
configure:4471: checking for wchar.h
configure:4480: result: yes
configure:4365: checking stdbool.h usability
configure:4382: gcc -c -g -O2  conftest.c >&5
configure:4389: $? = 0
configure:4403: result: yes
configure:4407: checking stdbool.h presence
configure:4422: gcc -E  conftest.c
configure:4429: $? = 0
configure:4443: result: yes
configure:4471: checking for stdbool.h
configure:4480: result: yes
configure:4497: checking for an ANSI C-conforming const
configure:4572: gcc -c -g -O2  conftest.c >&5
configure:4579: $? = 0
configure:4594: result: yes
configure:4604: checking for inline
configure:4630: gcc -c -g -O2  conftest.c >&5
configure:4637: $? = 0
configure:4655: result: inline
configure:4674: checking whether time.h and sys/time.h may both be included
configure:4704: gcc -c -g -O2  conftest.c >&5
configure:4711: $? = 0
configure:4726: result: yes
configure:4738: checking for working memcmp
configure:4791: gcc -o conftest -g -O2   conftest.c  >&5
configure:4795: $? = 0
configure:4801: ./conftest
configure:4805: $? = 0
configure:4822: result: yes
configure:4838: checking for mkdir
configure:4894: gcc -o conftest -g -O2   conftest.c  >&5
configure:4901: $? = 0
configure:4923: result: yes
configure:4838: checking for select
configure:4894: gcc -o conftest -g -O2   conftest.c  >&5
configure:4901: $? = 0
configure:4923: result: yes
configure:4838: checking for socket
configure:4894: gcc -o conftest -g -O2   conftest.c  >&5
configure:4901: $? = 0
configure:4923: result: yes
configure:4838: checking for __sysv_signal
configure:4894: gcc -o conftest -g -O2   conftest.c  >&5
configure:4901: $? = 0
configure:4923: result: yes
configure:4938: checking for real definition of size_t
configure:4965: gcc -c -g -O2  conftest.c >&5
conftest.c:37:8: error: conflicting types for 'foo'
   37 | size_t foo(size_t x) { return x; }
      |        ^~~
conftest.c:36:5: note: previous declaration of 'foo' was here
   36 | int foo(int x);
      |     ^~~
configure:4972: $? = 1
configure: failed program was:
| /* confdefs.h.  */
| #define PACKAGE_NAME ""
| #define PACKAGE_TARNAME ""
| #define PACKAGE_VERSION ""
| #define PACKAGE_STRING ""
| #define PACKAGE_BUGREPORT ""
| #define STDC_HEADERS 1
| #define HAVE_SYS_TYPES_H 1
| #define HAVE_SYS_STAT_H 1
| #define HAVE_STDLIB_H 1
| #define HAVE_STRING_H 1
| #define HAVE_MEMORY_H 1
| #define HAVE_STRINGS_H 1
| #define HAVE_INTTYPES_H 1
| #define HAVE_STDINT_H 1
| #define HAVE_UNISTD_H 1
| #define STDC_HEADERS 1
| #define HAVE_STDLIB_H 1
| #define HAVE_STRINGS_H 1
| #define HAVE_SYS_TIME_H 1
| #define HAVE_UNISTD_H 1
| #define HAVE_WCHAR_H 1
| #define HAVE_STDBOOL_H 1
| #define TIME_WITH_SYS_TIME 1
| #define HAVE_MKDIR 1
| #define HAVE_SELECT 1
| #define HAVE_SOCKET 1
| #define HAVE___SYSV_SIGNAL 1
| /* end confdefs.h.  */
| 
| #include <stddef.h>
| #include <wchar.h>
| /* We define a prototype with one type and the function with
|    another type.  This will result in compilation error
|    unless the types are really identical. */
| int foo(int x);
| size_t foo(size_t x) { return x; }
configure:5011: gcc -c -g -O2  conftest.c >&5
conftest.c:37:8: error: conflicting types for 'foo'
   37 | size_t foo(size_t x) { return x; }
      |        ^~~
conftest.c:36:14: note: previous declaration of 'foo' was here
   36 | unsigned int foo(unsigned int x);
      |              ^~~
configure:5018: $? = 1
configure: failed program was:
| /* confdefs.h.  */
| #define PACKAGE_NAME ""
| #define PACKAGE_TARNAME ""
| #define PACKAGE_VERSION ""
| #define PACKAGE_STRING ""
| #define PACKAGE_BUGREPORT ""
| #define STDC_HEADERS 1
| #define HAVE_SYS_TYPES_H 1
| #define HAVE_SYS_STAT_H 1
| #define HAVE_STDLIB_H 1
| #define HAVE_STRING_H 1
| #define HAVE_MEMORY_H 1
| #define HAVE_STRINGS_H 1
| #define HAVE_INTTYPES_H 1
| #define HAVE_STDINT_H 1
| #define HAVE_UNISTD_H 1
| #define STDC_HEADERS 1
| #define HAVE_STDLIB_H 1
| #define HAVE_STRINGS_H 1
| #define HAVE_SYS_TIME_H 1
| #define HAVE_UNISTD_H 1
| #define HAVE_WCHAR_H 1
| #define HAVE_STDBOOL_H 1
| #define TIME_WITH_SYS_TIME 1
| #define HAVE_MKDIR 1
| #define HAVE_SELECT 1
| #define HAVE_SOCKET 1
| #define HAVE___SYSV_SIGNAL 1
| /* end confdefs.h.  */
| 
| #include <stddef.h>
| #include <wchar.h>
| /* We define a prototype with one type and the function with
|    another type.  This will result in compilation error
|    unless the types are really identical. */
| unsigned int foo(unsigned int x);
| size_t foo(size_t x) { return x; }
configure:5059: gcc -c -g -O2  conftest.c >&5
conftest.c:37:8: error: conflicting types for 'foo'
   37 | size_t foo(size_t x) { return x; }
      |        ^~~
conftest.c:36:6: note: previous declaration of 'foo' was here
   36 | long foo(long x);
      |      ^~~
configure:5066: $? = 1
configure: failed program was:
| /* confdefs.h.  */
| #define PACKAGE_NAME ""
| #define PACKAGE_TARNAME ""
| #define PACKAGE_VERSION ""
| #define PACKAGE_STRING ""
| #define PACKAGE_BUGREPORT ""
| #define STDC_HEADERS 1
| #define HAVE_SYS_TYPES_H 1
| #define HAVE_SYS_STAT_H 1
| #define HAVE_STDLIB_H 1
| #define HAVE_STRING_H 1
| #define HAVE_MEMORY_H 1
| #define HAVE_STRINGS_H 1
| #define HAVE_INTTYPES_H 1
| #define HAVE_STDINT_H 1
| #define HAVE_UNISTD_H 1
| #define STDC_HEADERS 1
| #define HAVE_STDLIB_H 1
| #define HAVE_STRINGS_H 1
| #define HAVE_SYS_TIME_H 1
| #define HAVE_UNISTD_H 1
| #define HAVE_WCHAR_H 1
| #define HAVE_STDBOOL_H 1
| #define TIME_WITH_SYS_TIME 1
| #define HAVE_MKDIR 1
| #define HAVE_SELECT 1
| #define HAVE_SOCKET 1
| #define HAVE___SYSV_SIGNAL 1
| /* end confdefs.h.  */
| 
| #include <stddef.h>
| #include <wchar.h>
| /* We define a prototype with one type and the function with
|    another type.  This will result in compilation error
|    unless the types are really identical. */
| long foo(long x);
| size_t foo(size_t x) { return x; }
configure:5105: gcc -c -g -O2  conftest.c >&5
configure:5112: $? = 0
configure:5326: result: unsigned long
configure:5330: checking for real definition of wchar_t
configure:5357: gcc -c -g -O2  conftest.c >&5
configure:5364: $? = 0
configure:5718: result: int
configure:5728: result: configuring for linux/x86
configure:5829: checking for obj/x86_LINUX
configure:5846: result: no
configure:5853: result: creating obj/x86_LINUX
configure:5859: checking delete the obj/x86_LINUX/feature_config.ml and obj/x86_LINUX/machdep.ml file
configure:5865: result: done
configure:5916: checking whether to use CIL feature blockinggraph
configure:5923: result: no
configure:5916: checking whether to use CIL feature zrapp
configure:5923: result: no
configure:5916: checking whether to use CIL feature llvm
configure:5923: result: no
configure:5916: checking whether to use CIL feature locksmith
configure:5923: result: yes
configure:5916: checking whether to use CIL feature lockpick
configure:5923: result: yes
configure:5916: checking whether to use CIL feature stmizer
configure:5923: result: yes
configure:6172: creating ./config.status

## ---------------------- ##
## Running config.status. ##
## ---------------------- ##

This file was extended by config.status, which was
generated by GNU Autoconf 2.63.  Invocation command line was

  CONFIG_FILES    = 
  CONFIG_HEADERS  = 
  CONFIG_LINKS    = 
  CONFIG_COMMANDS = 
  $ ./config.status 

on giwrgos-VirtualBox

config.status:776: creating Makefile
config.status:776: creating META
config.status:776: creating cil.spec
config.status:776: creating config.mk
config.status:776: creating bin/cilly.bat
config.status:776: creating bin/patcher.bat
config.status:776: creating bin/CilConfig.pm
config.status:776: creating doc/index.html
config.status:776: creating doc/header.html
config.status:776: creating test/llvm/Makefile
config.status:776: creating src/machdep-ml.c
config.status:776: creating config.h

## ---------------- ##
## Cache variables. ##
## ---------------- ##

ac_cv_build=x86_64-unknown-linux-gnu
ac_cv_c_compiler_gnu=yes
ac_cv_c_const=yes
ac_cv_c_inline=inline
ac_cv_env_CC_set=
ac_cv_env_CC_value=
ac_cv_env_CFLAGS_set=
ac_cv_env_CFLAGS_value=
ac_cv_env_CPPFLAGS_set=
ac_cv_env_CPPFLAGS_value=
ac_cv_env_CPP_set=
ac_cv_env_CPP_value=
ac_cv_env_LDFLAGS_set=
ac_cv_env_LDFLAGS_value=
ac_cv_env_LIBS_set=
ac_cv_env_LIBS_value=
ac_cv_env_build_alias_set=
ac_cv_env_build_alias_value=
ac_cv_env_host_alias_set=
ac_cv_env_host_alias_value=
ac_cv_env_target_alias_set=
ac_cv_env_target_alias_value=
ac_cv_file_obj_x86_LINUX=no
ac_cv_func___sysv_signal=yes
ac_cv_func_memcmp_working=yes
ac_cv_func_mkdir=yes
ac_cv_func_select=yes
ac_cv_func_socket=yes
ac_cv_header_inttypes_h=yes
ac_cv_header_memory_h=yes
ac_cv_header_stdbool_h=yes
ac_cv_header_stdc=yes
ac_cv_header_stdint_h=yes
ac_cv_header_stdlib_h=yes
ac_cv_header_string_h=yes
ac_cv_header_strings_h=yes
ac_cv_header_sys_stat_h=yes
ac_cv_header_sys_time_h=yes
ac_cv_header_sys_types_h=yes
ac_cv_header_time=yes
ac_cv_header_unistd_h=yes
ac_cv_header_wchar_h=yes
ac_cv_host=x86_64-unknown-linux-gnu
ac_cv_objext=o
ac_cv_path_EGREP='/usr/bin/grep -E'
ac_cv_path_GREP=/usr/bin/grep
ac_cv_path_install='/usr/bin/install -c'
ac_cv_prog_CPP='gcc -E'
ac_cv_prog_ac_ct_CC=gcc
ac_cv_prog_cc_c89=
ac_cv_prog_cc_g=yes
ac_cv_target=x86_64-unknown-linux-gnu
ac_cv_type___builtin_va_list=yes

## ----------------- ##
## Output variables. ##
## ----------------- ##

ARCHOS='x86_LINUX'
CC='gcc'
CFLAGS='-g -O2'
CILHOME='/home/giwrgos/projects/locksmith/cil'
CIL_VERSION='1.3.7'
CIL_VERSION_MAJOR='1'
CIL_VERSION_MINOR='3'
CIL_VERSION_REV='7'
CPP='gcc -E'
CPPFLAGS=''
CYCLES_PER_USEC='0'
DEFAULT_CIL_MODE='GNUCC'
DEFAULT_COMPILER='_GNUCC'
DEFS='-DHAVE_CONFIG_H'
ECHO_C=''
ECHO_N='-n'
ECHO_T=''
EGREP='/usr/bin/grep -E'
EXEEXT=''
EXTRAFEATURES='locksmith lockpick stmizer'
EXTRASRCDIRS='/home/giwrgos/projects/locksmith/src'
GREP='/usr/bin/grep'
HAS_MSVC='no'
HAS_PERFCOUNT='0'
HAVE_BUILTIN_VA_LIST='true'
INSTALL_DATA='${INSTALL} -m 644'
INSTALL_PROGRAM='${INSTALL}'
INSTALL_SCRIPT='${INSTALL}'
LDFLAGS=''
LIBOBJS=''
LIBS=''
LTLIBOBJS=''
MINGW=''
OBJEXT='o'
PACKAGE_BUGREPORT=''
PACKAGE_NAME=''
PACKAGE_STRING=''
PACKAGE_TARNAME=''
PACKAGE_VERSION=''
PATH_SEPARATOR=':'
SHELL='/bin/bash'
THREAD_IS_KEYWORD='true'
UNDERSCORE_NAME='false'
ac_ct_CC='gcc'
bindir='${exec_prefix}/bin'
build='x86_64-unknown-linux-gnu'
build_alias=''
build_cpu='x86_64'
build_os='linux-gnu'
build_vendor='unknown'
datadir='${datarootdir}'
datarootdir='${prefix}/share'
docdir='${datarootdir}/doc/${PACKAGE}'
dvidir='${docdir}'
exec_prefix='${prefix}'
host='x86_64-unknown-linux-gnu'
host_alias=''
host_cpu='x86_64'
host_os='linux-gnu'
host_vendor='unknown'
htmldir='${docdir}'
includedir='${prefix}/include'
infodir='${datarootdir}/info'
libdir='${exec_prefix}/lib'
libexecdir='${exec_prefix}/libexec'
localedir='${datarootdir}/locale'
localstatedir='${prefix}/var'
mandir='${datarootdir}/man'
oldincludedir='/usr/include'
pdfdir='${docdir}'
prefix='/usr/local'
program_transform_name='s,x,x,'
psdir='${docdir}'
sbindir='${exec_prefix}/sbin'
sharedstatedir='${prefix}/com'
sysconfdir='${prefix}/etc'
target='x86_64-unknown-linux-gnu'
target_alias=''
target_cpu='x86_64'
target_os='linux-gnu'
target_vendor='unknown'

## ----------- ##
## confdefs.h. ##
## ----------- ##

#define PACKAGE_NAME ""
#define PACKAGE_TARNAME ""
#define PACKAGE_VERSION ""
#define PACKAGE_STRING ""
#define PACKAGE_BUGREPORT ""
#define STDC_HEADERS 1
#define HAVE_SYS_TYPES_H 1
#define HAVE_SYS_STAT_H 1
#define HAVE_STDLIB_H 1
#define HAVE_STRING_H 1
#define HAVE_MEMORY_H 1
#define HAVE_STRINGS_H 1
#define HAVE_INTTYPES_H 1
#define HAVE_STDINT_H 1
#define HAVE_UNISTD_H 1
#define STDC_HEADERS 1
#define HAVE_STDLIB_H 1
#define HAVE_STRINGS_H 1
#define HAVE_SYS_TIME_H 1
#define HAVE_UNISTD_H 1
#define HAVE_WCHAR_H 1
#define HAVE_STDBOOL_H 1
#define TIME_WITH_SYS_TIME 1
#define HAVE_MKDIR 1
#define HAVE_SELECT 1
#define HAVE_SOCKET 1
#define HAVE___SYSV_SIGNAL 1
#define TYPE_SIZE_T "unsigned long"
#define TYPE_WCHAR_T "int"

configure: exit 0

## ---------------------- ##
## Running config.status. ##
## ---------------------- ##

This file was extended by config.status, which was
generated by GNU Autoconf 2.63.  Invocation command line was

  CONFIG_FILES    = 
  CONFIG_HEADERS  = 
  CONFIG_LINKS    = 
  CONFIG_COMMANDS = 
  $ ./config.status --file=obj/x86_LINUX/cilversion.ml:src/cilversion.ml.in

on giwrgos-VirtualBox

config.status:776: creating obj/x86_LINUX/cilversion.ml
